

-- to run this project on local PC:
-----------------------------------

-- on Windows PC

-- Prerequisites:
	Installed Python 3.6+, Flask, cx_Oracle

-- 1. Download project zip file from Github and unzip into an empty directory

-- 2. set environment variable(s) with target database connection string.
	Format:
		set db_<alias>=<connection string>
	
	Connection string can be anything cx_Oracle.connection understands.
	
	One option is EZ_Connect syntax: "username/password@host:port/service"
	Example:
		set db_oradb1="user/psw@oradb1:1521/ORCLCDB.localdomain"
		set db_oradb2="user/psw@oradb2:1521/ORCLCDB.localdomain"
		...

	If encrypted Oracle wallet is set up then connection syntax can be "/@tnsnames-alias"
	Example:
	
		set db_oradb3="/@oradb3"
		set db_oradb4="/@oradb4"
		...
		
	Connections must use an account having select access to following database views:

		GV$ACTIVE_SESSION_HISTORY
		DBA_HIST_ACTIVE_SESSION
		GV$INSTANCE

	Target databases must have Diagnostics Pack option enabled or the ASH views will be empty.
	WARNING: Use of Diagnostics Pack requires a separate license, available for Oracle Enterprize Edition.
	
-- 3. start the app
cd <project dir>
python app.py

-- 4. open application webpage at 
	http://localhost:5000/static/main.html

