

-- to run this project with Docker:
-----------------------------------


-- 1. Download project zip file from Github and unzip into an empty directory

-- 2. download from technet.oracle.com instantclient-basiclite-linux.x64-18.3.0.0.0dbru.zip

	The directory structure will look like this:

	.
	├──	Dockerfile
	├──	how to run on local PC.log
	├──	how to run with Docker.log
	├──	instantclient-basiclite-linux.x64-18.3.0.0.0dbru.zip
	├──	README.md
	├──	Screenshot.PNG
	├──	sql_scratchpad.log
	├──	start_app_docker.bat
	├──	to_do.log
	└──	top_activity_viewer
		├── app
		│   ├── __init__.py
		│   ├── routes
		│   │   ├── __init__.py
		│   │   ├── chart_data_ash_detail.py
		│   │   ├── chart_data_ash_summary.py
		│   │   ├── connections.py
		│   │   ├── other_routes.py
		│   │   └── sql_monitor.py
		│   └── static
		│       ├── chartSourceSelector.js
		│       ├── dbConnectionSelector.js
		│       ├── favicon.ico
		│       ├── globals.js
		│       ├── graph.js
		│       ├── javascript.js
		│       ├── legend.js
		│       ├── main.html
		│       ├── racInstanceSelector.js
		│       ├── style.css
		│       └── style_retina.css
		└── run.py
	
-- 3. build a runtime docker image using supplied Dockerfile	
docker build -t flask_cx_oracle:dev .

-- 4. (Optional) start a target database, ex. Oracle docker container
    
docker start ora122

	The target database does not have to run under Docker.
	It can be any local or remote Oracle database.
	In this case the "start_app_docker.bat" needs to be edited to modify this connection environment variable:
		-e db_ora122="system/Oradoc_db1@oradb:1521/ORCLCDB.localdomain"

	There can be multiple target databases. 
	Each target database must have corresponding connection environment variable in "start_app_docker.bat".

	Connections must use an account having select access to following database views:
		GV$ACTIVE_SESSION_HISTORY
		DBA_HIST_ACTIVE_SESSION
		GV$INSTANCE
		
	Target databases must have Diagnostics Pack option enabled or the ASH views will be empty.
	WARNING: Use of Diagnostics Pack requires a separate license, available for Oracle Enterprize Edition.


-- 5. start the app in a docker container
start_app_docker.bat
	-- if needed can follow container logs:
	docker logs app -f
	
	
-- 6. open application webpage at 
http://localhost:5000/static/main.html



